info	2022:05:31 07:43:43	GET Request to /api/types
info	2022:05:31 07:43:54	GET Request to /api/typesd
info	2022:05:31 07:43:54	Route not found
info	2022:05:31 07:44:31	GET Request to /api/furniture-by-type/62963df0b9a9b32b4210d374
info	2022:05:31 07:44:52	GET Request to /api/furniture-by-type/62963df0b9a9b32b4210d373
info	2022:05:31 07:47:05	GET Request to /api/types
info	2022:05:31 07:47:17	POST Request to /api/furniture/
info	2022:05:31 07:47:25	GET Request to /api/types
info	2022:05:31 07:47:30	GET Request to /api/furniture-by-type/62963df0b9a9b32b4210d374
info	2022:05:31 07:47:53	POST Request to /api/furniture/
info	2022:05:31 07:48:13	POST Request to /api/furniture/
info	2022:05:31 07:48:42	POST Request to /api/furniture/
info	2022:05:31 07:48:42	FurnitureModel validation failed: price: Price can't exceed 1000
info	2022:05:31 07:48:52	POST Request to /api/furniture/
info	2022:05:31 07:49:05	GET Request to /api/furniture-by-type/62963df0b9a9b32b4210d374
info	2022:05:31 07:49:24	POST Request to /api/furniture/
error	2022:05:31 07:49:24	E11000 duplicate key error collection: furnituredb.furniture index: dimension_1 dup key: { dimension: "50x50x70" }
info	2022:05:31 07:49:35	POST Request to /api/furniture/
error	2022:05:31 07:49:35	E11000 duplicate key error collection: furnituredb.furniture index: color_1 dup key: { color: "yellow" }
info	2022:05:31 07:49:43	POST Request to /api/furniture/
info	2022:05:31 07:50:11	DELETE Request to /api/furniture/629647271d6894b1598298f8
info	2022:05:31 07:50:20	DELETE Request to /api/furniture/629647271d6894b1598298f8
info	2022:05:31 07:50:20	Resource with _id 629647271d6894b1598298f8 not found
info	2022:05:31 07:50:26	GET Request to /api/types
info	2022:05:31 07:50:29	GET Request to /api/furniture-by-type/62963df0b9a9b32b4210d374
info	2022:05:31 09:05:23	GET Request to /api/types/
info	2022:05:31 09:05:25	GET Request to /api/furniture-by-type/62963df0b9a9b32b4210d374
info	2022:05:31 09:05:40	GET Request to /api/types/
info	2022:05:31 09:05:45	GET Request to /api/types/
info	2022:05:31 09:06:49	GET Request to /api/types/
info	2022:05:31 09:06:58	GET Request to /api/types/
info	2022:05:31 09:07:10	GET Request to /api/types/
info	2022:05:31 09:07:19	GET Request to /api/types/
info	2022:05:31 09:07:29	GET Request to /api/types/
info	2022:05:31 09:07:31	GET Request to /api/types/
info	2022:05:31 09:07:40	GET Request to /api/types/
info	2022:05:31 09:07:46	GET Request to /api/types/
info	2022:05:31 09:07:48	GET Request to /api/types/
info	2022:05:31 09:07:49	GET Request to /api/types/
info	2022:05:31 09:08:49	GET Request to /api/types/
info	2022:05:31 09:08:51	GET Request to /api/types/
info	2022:05:31 09:09:15	GET Request to /api/types/
info	2022:05:31 09:09:34	GET Request to /api/types/
info	2022:05:31 09:10:06	GET Request to /api/types/
info	2022:05:31 09:10:24	GET Request to /api/types/
info	2022:05:31 09:10:28	GET Request to /api/types/
info	2022:05:31 09:10:55	GET Request to /api/types/
info	2022:05:31 09:10:57	GET Request to /api/types/
info	2022:05:31 09:11:06	GET Request to /api/types/
info	2022:05:31 09:11:12	GET Request to /api/types/
info	2022:05:31 09:11:18	GET Request to /api/types/
info	2022:05:31 09:11:23	GET Request to /api/types/
info	2022:05:31 09:11:28	GET Request to /api/types/
info	2022:05:31 09:11:32	GET Request to /api/types/
info	2022:05:31 09:11:39	GET Request to /api/types/
info	2022:05:31 09:11:44	GET Request to /api/types/
info	2022:05:31 09:11:54	GET Request to /api/types/
info	2022:05:31 09:12:05	GET Request to /api/types/
info	2022:05:31 09:12:32	GET Request to /api/types/
info	2022:05:31 09:12:33	GET Request to /api/types/
info	2022:05:31 09:12:47	GET Request to /api/types/
info	2022:05:31 09:12:48	GET Request to /api/types/
info	2022:05:31 09:12:57	GET Request to /api/types/
info	2022:05:31 09:13:02	GET Request to /api/types/
info	2022:05:31 09:13:03	GET Request to /api/types/
info	2022:05:31 09:13:07	GET Request to /api/types/
info	2022:05:31 09:13:10	GET Request to /api/furniture-by-type/62963df0b9a9b32b4210d374
info	2022:05:31 09:13:19	GET Request to /api/types/
info	2022:05:31 09:13:25	GET Request to /api/types/
info	2022:05:31 09:13:31	GET Request to /api/types/
info	2022:05:31 09:13:32	GET Request to /api/furniture-by-type/62963df0b9a9b32b4210d374
info	2022:05:31 09:13:43	GET Request to /api/types/
info	2022:05:31 09:13:46	GET Request to /api/furniture-by-type/62963df0b9a9b32b4210d374
info	2022:05:31 09:13:47	GET Request to /api/furniture-by-type/62963dffb9a9b32b4210d376
info	2022:05:31 09:13:48	GET Request to /api/furniture-by-type/62963e14b9a9b32b4210d378
info	2022:05:31 09:13:49	GET Request to /api/furniture-by-type/62963e24b9a9b32b4210d37a
info	2022:05:31 09:13:50	GET Request to /api/furniture-by-type/62963df0b9a9b32b4210d374
info	2022:05:31 09:13:56	GET Request to /api/types/
info	2022:05:31 09:14:02	GET Request to /api/furniture-by-type/62963df0b9a9b32b4210d374
info	2022:05:31 09:15:16	GET Request to /api/types/
info	2022:05:31 09:15:23	GET Request to /api/types/
info	2022:05:31 09:15:35	GET Request to /api/types/
info	2022:05:31 09:15:40	GET Request to /api/types/
info	2022:05:31 09:15:50	GET Request to /api/types/
info	2022:05:31 09:30:19	GET Request to /api/types/
info	2022:05:31 09:40:10	GET Request to /api/types/
info	2022:05:31 09:40:11	GET Request to /api/types/
info	2022:05:31 09:40:13	GET Request to /api/furniture-by-type/62963df0b9a9b32b4210d374
info	2022:05:31 09:40:17	GET Request to /api/types/
info	2022:05:31 09:40:30	GET Request to /api/types/
info	2022:05:31 09:40:32	GET Request to /api/types/
info	2022:05:31 09:40:54	POST Request to /api/furniture/
info	2022:05:31 09:40:54	GET Request to /api/types/
info	2022:05:31 09:40:56	GET Request to /api/furniture-by-type/62963df0b9a9b32b4210d374
info	2022:05:31 09:40:59	DELETE Request to /api/furniture/6296613630e4097f91f5c0d3
info	2022:05:31 09:41:04	GET Request to /api/types/
info	2022:05:31 09:41:05	GET Request to /api/types/
info	2022:05:31 09:41:19	GET Request to /api/types/
info	2022:05:31 09:41:21	GET Request to /api/types/
info	2022:05:31 09:41:25	POST Request to /api/furniture/
info	2022:05:31 09:41:39	GET Request to /api/types/
info	2022:05:31 10:21:20	GET Request to /api/types/
info	2022:05:31 10:22:24	GET Request to /api/types/
info	2022:05:31 10:22:34	GET Request to /api/types/
info	2022:05:31 10:28:50	GET Request to /api/types/
info	2022:05:31 10:28:56	GET Request to /api/types/
info	2022:05:31 10:29:14	GET Request to /api/types/
info	2022:05:31 10:29:27	GET Request to /api/types/
info	2022:05:31 10:31:10	GET Request to /api/types/
info	2022:05:31 10:33:28	GET Request to /api/types/
info	2022:05:31 10:33:33	GET Request to /api/types/
info	2022:05:31 10:34:05	GET Request to /api/types/
info	2022:05:31 10:34:36	GET Request to /api/types/
info	2022:05:31 10:34:48	GET Request to /api/types/
info	2022:05:31 10:35:30	GET Request to /api/types/
info	2022:05:31 10:35:43	GET Request to /api/types/
info	2022:05:31 10:36:07	GET Request to /api/types/
info	2022:05:31 10:41:02	GET Request to /api/types/
info	2022:05:31 10:41:10	GET Request to /api/types/
info	2022:05:31 11:18:22	GET Request to /api/types/
info	2022:05:31 11:20:16	GET Request to /api/types/
info	2022:05:31 11:20:19	GET Request to /api/furniture-by-type/62963df0b9a9b32b4210d374
info	2022:05:31 11:20:35	GET Request to /api/types/
info	2022:05:31 11:20:36	GET Request to /api/furniture-by-type/62963df0b9a9b32b4210d374
info	2022:05:31 11:20:47	GET Request to /api/types/
info	2022:05:31 11:21:41	GET Request to /api/types/
info	2022:05:31 11:21:47	GET Request to /api/types/
info	2022:05:31 11:23:47	GET Request to /api/types/
info	2022:05:31 11:23:51	GET Request to /api/types/
info	2022:05:31 11:24:09	GET Request to /api/types/
info	2022:05:31 11:24:14	GET Request to /api/types/
info	2022:05:31 11:24:20	GET Request to /api/types/
info	2022:05:31 11:28:29	GET Request to /api/types/
info	2022:05:31 11:28:38	GET Request to /api/types/
info	2022:05:31 11:28:50	GET Request to /api/types
info	2022:05:31 11:29:00	GET Request to /api/furniture-by-type/62963df0b9a9b32b4210d374
error	2022:05:31 11:29:00	Cannot populate path `type` because it is not in your schema. Set the `strictPopulate` option to false to override.
info	2022:05:31 11:29:34	GET Request to /api/furniture-by-type/62963df0b9a9b32b4210d374
info	2022:05:31 11:29:45	GET Request to /api/furniture-by-type/62963df0b9a9b32b4210d374
info	2022:05:31 11:29:47	GET Request to /api/types/
info	2022:05:31 11:29:55	POST Request to /api/furniture/
error	2022:05:31 11:29:55	E11000 duplicate key error collection: furnituredb.furniture index: dimension_1 dup key: { dimension: "dsfs" }
info	2022:05:31 11:30:01	POST Request to /api/furniture/
error	2022:05:31 11:30:01	E11000 duplicate key error collection: furnituredb.furniture index: color_1 dup key: { color: "violet" }
info	2022:05:31 11:30:05	POST Request to /api/furniture/
info	2022:05:31 11:30:05	GET Request to /api/types/
info	2022:05:31 11:30:10	GET Request to /api/furniture-by-type/62963e24b9a9b32b4210d37a
info	2022:05:31 11:30:14	DELETE Request to /api/furniture/62967acd2d5786044e34d6c6
info	2022:05:31 11:31:01	GET Request to /api/types/
info	2022:05:31 11:31:02	GET Request to /api/types/
